<?xml version="1.0" encoding="UTF-8"?>
<coverage generated="1723215378837" clover="3.2.0">
  <project timestamp="1723215378837" name="All files">
    <metrics statements="16" coveredstatements="16" conditionals="0" coveredconditionals="0" methods="5" coveredmethods="4" elements="21" coveredelements="20" complexity="0" loc="16" ncloc="16" packages="1" files="4" classes="4"/>
    <file name="Appointment.js" path="/home/kartik/eHospital-backend/models/Appointment.js">
      <metrics statements="4" coveredstatements="4" conditionals="0" coveredconditionals="0" methods="1" coveredmethods="1"/>
      <line num="4" count="1" type="stmt"/>
      <line num="6" count="1" type="stmt"/>
      <line num="9" count="1" type="stmt"/>
      <line num="45" count="1" type="stmt"/>
    </file>
    <file name="Doctors.js" path="/home/kartik/eHospital-backend/models/Doctors.js">
      <metrics statements="4" coveredstatements="4" conditionals="0" coveredconditionals="0" methods="2" coveredmethods="1"/>
      <line num="3" count="1" type="stmt"/>
      <line num="5" count="1" type="stmt"/>
      <line num="17" count="1" type="stmt"/>
      <line num="59" count="1" type="stmt"/>
    </file>
    <file name="Order.js" path="/home/kartik/eHospital-backend/models/Order.js">
      <metrics statements="4" coveredstatements="4" conditionals="0" coveredconditionals="0" methods="1" coveredmethods="1"/>
      <line num="4" count="1" type="stmt"/>
      <line num="6" count="1" type="stmt"/>
      <line num="9" count="1" type="stmt"/>
      <line num="45" count="1" type="stmt"/>
    </file>
    <file name="Patients.js" path="/home/kartik/eHospital-backend/models/Patients.js">
      <metrics statements="4" coveredstatements="4" conditionals="0" coveredconditionals="0" methods="1" coveredmethods="1"/>
      <line num="3" count="1" type="stmt"/>
      <line num="5" count="1" type="stmt"/>
      <line num="8" count="1" type="stmt"/>
      <line num="38" count="1" type="stmt"/>
    </file>
  </project>
</coverage>
