{"/home/kartik/eHospital-backend/models/Appointment.js": {"path":"/home/kartik/eHospital-backend/models/Appointment.js","statementMap":{"0":{"start":{"line":4,"column":29},"end":{"line":4,"column":49}},"1":{"start":{"line":6,"column":0},"end":{"line":46,"column":2}},"2":{"start":{"line":9,"column":4},"end":{"line":43,"column":6}},"3":{"start":{"line":45,"column":4},"end":{"line":45,"column":24}}},"fnMap":{"0":{"name":"(anonymous_0)","decl":{"start":{"line":6,"column":17},"end":{"line":6,"column":18}},"loc":{"start":{"line":6,"column":32},"end":{"line":46,"column":1}},"line":6}},"branchMap":{},"s":{"0":1,"1":1,"2":1,"3":1},"f":{"0":1},"b":{},"_coverageSchema":"1a1c01bbd47fc00a2c39e90264f33305004495a9","hash":"fd16765652a883475d6a34fde387884f6f7fdd52"}
,"/home/kartik/eHospital-backend/models/Doctors.js": {"path":"/home/kartik/eHospital-backend/models/Doctors.js","statementMap":{"0":{"start":{"line":3,"column":29},"end":{"line":3,"column":49}},"1":{"start":{"line":5,"column":0},"end":{"line":60,"column":2}},"2":{"start":{"line":17,"column":4},"end":{"line":57,"column":6}},"3":{"start":{"line":59,"column":4},"end":{"line":59,"column":19}}},"fnMap":{"0":{"name":"(anonymous_0)","decl":{"start":{"line":5,"column":17},"end":{"line":5,"column":18}},"loc":{"start":{"line":5,"column":32},"end":{"line":60,"column":1}},"line":5},"1":{"name":"(anonymous_1)","decl":{"start":{"line":12,"column":8},"end":{"line":12,"column":9}},"loc":{"start":{"line":12,"column":33},"end":{"line":14,"column":9}},"line":12}},"branchMap":{},"s":{"0":1,"1":1,"2":1,"3":1},"f":{"0":1,"1":0},"b":{},"_coverageSchema":"1a1c01bbd47fc00a2c39e90264f33305004495a9","hash":"368fae69950e887e3355369dd29c0aabc42ba5aa"}
,"/home/kartik/eHospital-backend/models/Order.js": {"path":"/home/kartik/eHospital-backend/models/Order.js","statementMap":{"0":{"start":{"line":4,"column":29},"end":{"line":4,"column":49}},"1":{"start":{"line":6,"column":0},"end":{"line":46,"column":2}},"2":{"start":{"line":9,"column":4},"end":{"line":43,"column":6}},"3":{"start":{"line":45,"column":4},"end":{"line":45,"column":18}}},"fnMap":{"0":{"name":"(anonymous_0)","decl":{"start":{"line":6,"column":17},"end":{"line":6,"column":18}},"loc":{"start":{"line":6,"column":32},"end":{"line":46,"column":1}},"line":6}},"branchMap":{},"s":{"0":1,"1":1,"2":1,"3":1},"f":{"0":1},"b":{},"_coverageSchema":"1a1c01bbd47fc00a2c39e90264f33305004495a9","hash":"0b57caea0ac191f35ebab67e78a5eb538b9812c2"}
,"/home/kartik/eHospital-backend/models/Patients.js": {"path":"/home/kartik/eHospital-backend/models/Patients.js","statementMap":{"0":{"start":{"line":3,"column":29},"end":{"line":3,"column":49}},"1":{"start":{"line":5,"column":0},"end":{"line":39,"column":2}},"2":{"start":{"line":8,"column":4},"end":{"line":36,"column":6}},"3":{"start":{"line":38,"column":4},"end":{"line":38,"column":20}}},"fnMap":{"0":{"name":"(anonymous_0)","decl":{"start":{"line":5,"column":17},"end":{"line":5,"column":18}},"loc":{"start":{"line":5,"column":32},"end":{"line":39,"column":1}},"line":5}},"branchMap":{},"s":{"0":1,"1":1,"2":1,"3":1},"f":{"0":1},"b":{},"_coverageSchema":"1a1c01bbd47fc00a2c39e90264f33305004495a9","hash":"9699eaef40aa4d2da796cb2e41b9f8bffcfdcb4b"}
}
